2024-11-23 18:43:29.929 | INFO     | __main__:<module>:26 - Waiting for a trade offer...
2024-11-23 18:46:15.896 | INFO     | __main__:<module>:26 - Waiting for a trade offer...
2024-11-23 18:47:22.801 | INFO     | __main__:<module>:26 - Waiting for a trade offer...
2024-11-23 18:47:27.250 | INFO     | __main__:<module>:26 - Waiting for a trade offer...
2024-11-23 19:05:44.191 | INFO     | __main__:<module>:26 - Waiting for a trade offer...
2024-11-23 19:05:44.272 | INFO     | __main__:<module>:29 - Trade button detected!
2024-11-23 19:05:44.388 | INFO     | __main__:<module>:36 - Reading the username of the trade offer...
2024-11-23 19:07:59.135 | INFO     | __main__:<module>:39 - Waiting for a trade offer...
2024-11-23 19:07:59.214 | INFO     | __main__:<module>:42 - Trade button detected!
2024-11-23 19:08:44.052 | INFO     | __main__:<module>:40 - Waiting for a trade offer...
2024-11-23 19:08:44.134 | INFO     | __main__:<module>:43 - Trade button detected!
2024-11-23 19:08:44.251 | INFO     | __main__:capture_region_around:35 - Captured region saved as trade_screen.png
2024-11-23 19:08:44.371 | INFO     | __main__:<module>:52 - Reading the username of the trade offer...
2024-11-23 19:10:49.154 | INFO     | __main__:<module>:40 - Waiting for a trade offer...
2024-11-23 19:10:49.247 | INFO     | __main__:<module>:43 - Trade button detected!
2024-11-23 19:10:49.319 | INFO     | __main__:capture_region_around:35 - Captured region saved as trade_screen.png
2024-11-23 19:10:49.438 | INFO     | __main__:<module>:52 - Reading the username of the trade offer...
2024-11-23 19:12:08.479 | INFO     | __main__:<module>:40 - Waiting for a trade offer...
2024-11-23 19:12:08.564 | INFO     | __main__:<module>:43 - Trade button detected!
2024-11-23 19:12:08.635 | INFO     | __main__:capture_region_around:35 - Captured region saved as trade_screen.png
2024-11-23 19:12:08.753 | INFO     | __main__:<module>:52 - Reading the username of the trade offer...
2024-11-23 19:16:50.144 | INFO     | __main__:<module>:40 - Waiting for a trade offer...
2024-11-23 19:16:50.229 | INFO     | __main__:<module>:43 - Trade button detected!
2024-11-23 19:16:50.301 | INFO     | __main__:capture_region_around:35 - Captured region saved as trade_screen.png
2024-11-23 19:16:50.418 | INFO     | __main__:<module>:52 - Reading the username of the trade offer...
2024-11-23 19:16:57.976 | INFO     | __main__:<module>:40 - Waiting for a trade offer...
2024-11-23 19:16:58.061 | INFO     | __main__:<module>:43 - Trade button detected!
2024-11-23 19:16:58.133 | INFO     | __main__:capture_region_around:35 - Captured region saved as trade_screen.png
2024-11-23 19:16:58.251 | INFO     | __main__:<module>:52 - Reading the username of the trade offer...
2024-11-23 19:17:13.454 | INFO     | __main__:<module>:40 - Waiting for a trade offer...
2024-11-23 19:17:13.535 | INFO     | __main__:<module>:43 - Trade button detected!
2024-11-23 19:17:13.617 | INFO     | __main__:capture_region_around:35 - Captured region saved as trade_screen.png
2024-11-23 19:17:13.734 | INFO     | __main__:<module>:52 - Reading the username of the trade offer...
2024-11-23 19:17:13.885 | INFO     | __main__:<module>:64 - Trade offer from user: stone Needle 4.62 ¥ DMU Liliana 0

of Otherworldly Light 1 Saint 7
2024-11-23 19:17:13.886 | INFO     | __main__:<module>:69 - Attempting to confirm the trade...
2024-11-23 19:17:13.968 | INFO     | __main__:<module>:72 - Confirm button detected!
2024-11-23 19:17:14.012 | INFO     | __main__:capture_region_around:35 - Captured region saved as confirm_screen.png
2024-11-23 19:17:14.117 | INFO     | __main__:<module>:76 - Trade confirmed!
2024-11-23 19:23:57.369 | INFO     | __main__:<module>:52 - Waiting for a trade offer...
2024-11-23 19:23:57.452 | INFO     | __main__:<module>:55 - Trade button detected!
2024-11-23 19:23:57.532 | INFO     | __main__:capture_region_around:35 - Captured region saved as trade_screen.png
2024-11-23 19:24:27.915 | INFO     | __main__:<module>:52 - Waiting for a trade offer...
2024-11-23 19:24:27.996 | INFO     | __main__:<module>:55 - Trade button detected!
2024-11-23 19:24:28.081 | INFO     | __main__:capture_region_around:35 - Captured region saved as trade_screen.png
2024-11-23 19:24:28.299 | INFO     | __main__:<module>:65 - Reading the username of the trade offer...
2024-11-23 19:24:28.436 | INFO     | __main__:<module>:77 - Trade offer from user: stone Needle 4.62 ¥ DMU Liliana 0

of Otherworldly Light 1 Saint 7
2024-11-23 19:24:28.437 | INFO     | __main__:<module>:82 - Attempting to confirm the trade...
2024-11-23 19:24:28.515 | INFO     | __main__:<module>:85 - Confirm button detected!
2024-11-23 19:24:28.558 | INFO     | __main__:capture_region_around:35 - Captured region saved as confirm_screen.png
2024-11-23 19:24:28.664 | INFO     | __main__:<module>:89 - Trade confirmed!
2024-11-23 19:25:08.294 | INFO     | __main__:<module>:52 - Waiting for a trade offer...
2024-11-23 19:25:08.377 | INFO     | __main__:<module>:55 - Trade button detected!
2024-11-23 19:25:08.440 | INFO     | __main__:capture_region_around:35 - Captured region saved as trade_screen.png
2024-11-23 19:25:08.648 | INFO     | __main__:<module>:65 - Reading the username of the trade offer...
2024-11-23 19:25:08.774 | WARNING  | __main__:<module>:79 - Unable to read the username from the trade offer.
2024-11-23 19:25:08.774 | INFO     | __main__:<module>:82 - Attempting to confirm the trade...
2024-11-23 19:25:08.849 | INFO     | __main__:<module>:85 - Confirm button detected!
2024-11-23 19:25:08.892 | INFO     | __main__:capture_region_around:35 - Captured region saved as confirm_screen.png
2024-11-23 19:25:08.998 | INFO     | __main__:<module>:89 - Trade confirmed!
